<?xml version="1.0" encoding="UTF-8"?>
<!-- Generated by org.testng.reporters.JUnitReportReporter -->
<testsuite hostname="Ashiqs-MacBook-Pro.local" failures="0" tests="2" name="cuccumbersOptions.TestNGRunner" time="6.025" errors="0" timestamp="2024-06-10T01:43:30 PDT" skipped="0">
  <testcase classname="cuccumbersOptions.TestNGRunner" name="runScenario" time="3.133"/>
  <testcase classname="cuccumbersOptions.TestNGRunner" name="runScenario" time="2.892"/>
</testsuite> <!-- cuccumbersOptions.TestNGRunner -->
